app/build/intermediates/manifest_merge_blame_file/debug/manifest-merger-blame-debug-report.txt
1<?xml version="1.0" encoding="utf-8"?>
2<manifest xmlns:android="http://schemas.android.com/apk/res/android"
3    package="com.lara.mvvmmtvshows"
4    android:versionCode="1"
5    android:versionName="1.0" >
6
7    <uses-sdk
8        android:minSdkVersion="19"
8-->src/main/AndroidManifest.xml
9        android:targetSdkVersion="30" />
9-->src/main/AndroidManifest.xml
10
11    <uses-permission android:name="android.permission.INTERNET" />
11-->src/main/AndroidManifest.xml:6:5-67
11-->src/main/AndroidManifest.xml:6:22-64
12
13    <application
13-->src/main/AndroidManifest.xml:8:5-24:19
14        android:allowBackup="true"
14-->src/main/AndroidManifest.xml:9:9-35
15        android:appComponentFactory="androidx.core.app.CoreComponentFactory"
15-->[androidx.core:core:1.3.2] AndroidManifest.xml:24:18-86
16        android:debuggable="true"
17        android:icon="@mipmap/ic_launcher"
17-->src/main/AndroidManifest.xml:11:9-43
18        android:label="@string/app_name"
18-->src/main/AndroidManifest.xml:12:9-41
19        android:roundIcon="@mipmap/ic_launcher_round"
19-->src/main/AndroidManifest.xml:13:9-54
20        android:supportsRtl="true"
20-->src/main/AndroidManifest.xml:14:9-35
21        android:testOnly="true"
22        android:theme="@style/AppTheme"
22-->src/main/AndroidManifest.xml:15:9-40
23        android:usesCleartextTraffic="true" >
23-->src/main/AndroidManifest.xml:10:9-44
24        <activity android:name="com.lara.mvvmmtvshows.activities.MainActivity" >
24-->src/main/AndroidManifest.xml:17:9-23:20
24-->src/main/AndroidManifest.xml:17:19-58
25            <intent-filter>
25-->src/main/AndroidManifest.xml:18:13-22:29
26                <action android:name="android.intent.action.MAIN" />
26-->src/main/AndroidManifest.xml:19:17-69
26-->src/main/AndroidManifest.xml:19:25-66
27
28                <category android:name="android.intent.category.LAUNCHER" />
28-->src/main/AndroidManifest.xml:21:17-77
28-->src/main/AndroidManifest.xml:21:27-74
29            </intent-filter>
30        </activity>
31
32        <provider
32-->[com.squareup.picasso:picasso:2.71828] AndroidManifest.xml:8:9-11:40
33            android:name="com.squareup.picasso.PicassoProvider"
33-->[com.squareup.picasso:picasso:2.71828] AndroidManifest.xml:9:13-64
34            android:authorities="com.lara.mvvmmtvshows.com.squareup.picasso"
34-->[com.squareup.picasso:picasso:2.71828] AndroidManifest.xml:10:13-72
35            android:exported="false" />
35-->[com.squareup.picasso:picasso:2.71828] AndroidManifest.xml:11:13-37
36
37        <service
37-->[androidx.room:room-runtime:2.2.5] AndroidManifest.xml:25:9-28:40
38            android:name="androidx.room.MultiInstanceInvalidationService"
38-->[androidx.room:room-runtime:2.2.5] AndroidManifest.xml:26:13-74
39            android:directBootAware="true"
39-->[androidx.room:room-runtime:2.2.5] AndroidManifest.xml:27:13-43
40            android:exported="false" />
40-->[androidx.room:room-runtime:2.2.5] AndroidManifest.xml:28:13-37
41
42        <provider
42-->[androidx.lifecycle:lifecycle-process:2.2.0] AndroidManifest.xml:25:9-29:43
43            android:name="androidx.lifecycle.ProcessLifecycleOwnerInitializer"
43-->[androidx.lifecycle:lifecycle-process:2.2.0] AndroidManifest.xml:26:13-79
44            android:authorities="com.lara.mvvmmtvshows.lifecycle-process"
44-->[androidx.lifecycle:lifecycle-process:2.2.0] AndroidManifest.xml:27:13-69
45            android:exported="false"
45-->[androidx.lifecycle:lifecycle-process:2.2.0] AndroidManifest.xml:28:13-37
46            android:multiprocess="true" />
46-->[androidx.lifecycle:lifecycle-process:2.2.0] AndroidManifest.xml:29:13-40
47    </application>
48
49</manifest>